<?xml version="1.0" encoding="UTF-8"?>
<!-- Generated by org.testng.reporters.JUnitReportReporter -->
<testsuite hostname="ING-D-0156" name="cpa.qa.testcases.Login" tests="1" failures="0" timestamp="18 Jul 2013 09:17:57 GMT" time="41.854" errors="0">
  <testcase name="doLogin" time="41.854" classname="cpa.qa.testcases.Login"/>
</testsuite> <!-- cpa.qa.testcases.Login -->
