<?xml version="1.0" encoding="UTF-8"?>
<!-- Generated by org.testng.reporters.JUnitReportReporter -->
<testsuite hostname="ING-L-0013" name="cpa.qa.testcases.Reporter" tests="1" failures="0" timestamp="8 May 2013 10:05:22 GMT" time="3.172" errors="0">
  <testcase name="doReport" time="3.172" classname="cpa.qa.testcases.Reporter"/>
</testsuite> <!-- cpa.qa.testcases.Reporter -->
