<?xml version="1.0" encoding="UTF-8"?>
<!-- Generated by org.testng.reporters.JUnitReportReporter -->
<testsuite hostname="jitenders-imac.corp.adobe.com" name="com.NewTest" tests="1" failures="0" timestamp="20 Nov 2015 12:38:30 GMT" time="0.010" errors="0">
  <testcase name="f" time="0.010" classname="com.NewTest"/>
</testsuite> <!-- com.NewTest -->
