<?xml version="1.0" encoding="UTF-8"?>
<!-- Generated by org.testng.reporters.JUnitReportReporter -->
<testsuite hostname="gahlaut-WX-1" name="com.lazerycode.selenium.tests.GoogleExampleIT" tests="2" failures="0" timestamp="7 Jan 2016 07:51:03 GMT" time="14.926" errors="0">
  <testcase name="googleMilkExample" time="4.950" classname="com.lazerycode.selenium.tests.GoogleExampleIT"/>
  <testcase name="googleCheeseExample" time="9.976" classname="com.lazerycode.selenium.tests.GoogleExampleIT"/>
</testsuite> <!-- com.lazerycode.selenium.tests.GoogleExampleIT -->
