<?xml version="1.0" encoding="UTF-8"?>
<!-- Generated by org.testng.reporters.JUnitReportReporter -->
<testsuite hostname="ING-D-0156" name="cpa.qa.testcases.Search" tests="1" failures="0" timestamp="18 Jul 2013 08:18:35 GMT" time="1116.824" errors="0">
  <testcase name="doPerformSearch" time="1116.824" classname="cpa.qa.testcases.Search"/>
</testsuite> <!-- cpa.qa.testcases.Search -->
