<?xml version="1.0" encoding="UTF-8"?>
<!-- Generated by org.testng.reporters.JUnitReportReporter -->
<testsuite hostname="ING-D-0156" name="cpa.qa.testcases.ProjectFolder" tests="1" failures="0" timestamp="20 Sep 2013 04:53:28 GMT" time="61.895" errors="0">
  <testcase name="doProjectFolder" time="61.895" classname="cpa.qa.testcases.ProjectFolder"/>
</testsuite> <!-- cpa.qa.testcases.ProjectFolder -->
