<?xml version="1.0" encoding="UTF-8"?>
<!-- Generated by org.testng.reporters.JUnitReportReporter -->
<testsuite hostname="ING-L-0013" name="cpa.qa.testcases.SearchTerm" tests="3" failures="0" timestamp="16 Apr 2013 04:18:00 GMT" time="62.547" errors="0">
  <testcase name="doSearch" time="16.322" classname="cpa.qa.testcases.SearchTerm"/>
  <testcase name="doSearch" time="25.190" classname="cpa.qa.testcases.SearchTerm"/>
  <testcase name="doSearch" time="21.035" classname="cpa.qa.testcases.SearchTerm"/>
</testsuite> <!-- cpa.qa.testcases.SearchTerm -->
