<?xml version="1.0" encoding="UTF-8"?>
<!-- Generated by org.testng.reporters.JUnitReportReporter -->
<testsuite hostname="ING-D-0156" name="cpa.qa.testcases.ImageBrowser" tests="1" failures="0" timestamp="28 Aug 2013 05:52:59 GMT" time="53.211" errors="0">
  <testcase name="doImageBrowser" time="53.211" classname="cpa.qa.testcases.ImageBrowser"/>
</testsuite> <!-- cpa.qa.testcases.ImageBrowser -->
