<?xml version="1.0" encoding="UTF-8"?>
<!-- Generated by org.testng.reporters.JUnitReportReporter -->
<testsuite hostname="ING-D-0156" name="cpa.qa.testcases.Login" tests="1" failures="0" timestamp="7 Aug 2013 12:16:39 GMT" time="86.830" errors="0">
  <testcase name="doLogin" time="86.830" classname="cpa.qa.testcases.Login"/>
</testsuite> <!-- cpa.qa.testcases.Login -->
