<?xml version="1.0" encoding="UTF-8"?>
<!-- Generated by org.testng.reporters.JUnitReportReporter -->
<testsuite hostname="ING-D-0156" name="cpa.qa.testcases.Administration" tests="1" failures="0" timestamp="26 Sep 2013 06:54:00 GMT" time="164.807" errors="0">
  <testcase name="doAdministration" time="164.807" classname="cpa.qa.testcases.Administration"/>
</testsuite> <!-- cpa.qa.testcases.Administration -->
