<?xml version="1.0" encoding="UTF-8"?>
<!-- Generated by org.testng.reporters.JUnitReportReporter -->
<testsuite hostname="ING-L-0013" name="cpa.qa.testcases.LoginTest" tests="3" failures="0" timestamp="16 Apr 2013 04:18:00 GMT" time="100.053" errors="0">
  <testcase name="doLogin" time="33.087" classname="cpa.qa.testcases.LoginTest"/>
  <testcase name="doLogin" time="33.996" classname="cpa.qa.testcases.LoginTest"/>
  <testcase name="doLogin" time="32.970" classname="cpa.qa.testcases.LoginTest"/>
</testsuite> <!-- cpa.qa.testcases.LoginTest -->
