<?xml version="1.0" encoding="UTF-8"?>
<!-- Generated by org.testng.reporters.JUnitReportReporter -->
<testsuite hostname="ING-D-0156" name="cpa.qa.testcases.Analytics" tests="1" failures="0" timestamp="26 Sep 2013 05:33:02 GMT" time="912.427" errors="0">
  <testcase name="doAnalytics" time="912.427" classname="cpa.qa.testcases.Analytics"/>
</testsuite> <!-- cpa.qa.testcases.Analytics -->
