<?xml version="1.0" encoding="UTF-8"?>
<!-- Generated by org.testng.reporters.JUnitReportReporter -->
<testsuite hostname="ING-D-0156" name="cpa.qa.testcases.History" tests="1" failures="0" timestamp="18 Sep 2013 09:12:51 GMT" time="73.397" errors="0">
  <testcase name="doHistory" time="73.397" classname="cpa.qa.testcases.History"/>
</testsuite> <!-- cpa.qa.testcases.History -->
