<?xml version="1.0" encoding="UTF-8"?>
<!-- Generated by org.testng.reporters.JUnitReportReporter -->
<testsuite hostname="ING-D-0156" name="cpa.qa.testcases.ResultPage" tests="1" failures="0" timestamp="20 Sep 2013 11:51:57 GMT" time="52.725" errors="0">
  <testcase name="doResultPage" time="52.725" classname="cpa.qa.testcases.ResultPage"/>
</testsuite> <!-- cpa.qa.testcases.ResultPage -->
