<?xml version="1.0" encoding="UTF-8"?>
<!-- Generated by org.testng.reporters.JUnitReportReporter -->
<testsuite hostname="ING-D-0156" name="cpa.qa.testcases.PerformSearch" tests="1" failures="0" timestamp="17 Sep 2013 07:25:41 GMT" time="267.126" errors="0">
  <testcase name="doPerformSearch" time="267.126" classname="cpa.qa.testcases.PerformSearch"/>
</testsuite> <!-- cpa.qa.testcases.PerformSearch -->
