<?xml version="1.0" encoding="UTF-8"?>
<!-- Generated by org.testng.reporters.JUnitReportReporter -->
<testsuite hostname="ING-D-0156" name="cpa.qa.testcases.Dashboard" tests="1" failures="0" timestamp="28 Aug 2013 09:52:48 GMT" time="65.556" errors="0">
  <testcase name="doDashboard" time="65.556" classname="cpa.qa.testcases.Dashboard"/>
</testsuite> <!-- cpa.qa.testcases.Dashboard -->
