<?xml version="1.0" encoding="UTF-8"?>
<!-- Generated by org.testng.reporters.JUnitReportReporter -->
<testsuite hostname="ING-D-0121" name="cpa.qa.testcases.AlertManagement" tests="1" failures="0" timestamp="5 Jul 2013 11:56:38 GMT" time="1866.823" errors="0">
  <testcase name="doAlertManagement" time="1866.823" classname="cpa.qa.testcases.AlertManagement"/>
</testsuite> <!-- cpa.qa.testcases.AlertManagement -->
