<?xml version="1.0" encoding="UTF-8"?>
<!-- Generated by org.testng.reporters.JUnitReportReporter -->
<testsuite hostname="ING-D-0156" name="cpa.qa.testcases.ManagePreferences" tests="1" failures="0" timestamp="26 Sep 2013 07:15:09 GMT" time="79.343" errors="0">
  <testcase name="doManagePreferences" time="79.343" classname="cpa.qa.testcases.ManagePreferences"/>
</testsuite> <!-- cpa.qa.testcases.ManagePreferences -->
