<?xml version="1.0" encoding="UTF-8"?>
<!-- Generated by org.testng.reporters.JUnitReportReporter -->
<testsuite hostname="ING-D-0156" name="cpa.qa.testcases.Help" tests="1" failures="0" timestamp="18 Sep 2013 04:56:46 GMT" time="389.184" errors="0">
  <testcase name="doLogin" time="389.184" classname="cpa.qa.testcases.Help"/>
</testsuite> <!-- cpa.qa.testcases.Help -->
