<?xml version="1.0" encoding="UTF-8"?>
<!-- Generated by org.testng.reporters.JUnitReportReporter -->
<testsuite hostname="ING-L-0013" name="com.qtpselenium.salesforce.testcases.LoginTest" tests="1" failures="0" timestamp="11 Apr 2013 07:07:49 GMT" time="9.161" errors="0">
  <testcase name="doLogin" time="9.161" classname="com.qtpselenium.salesforce.testcases.LoginTest"/>
</testsuite> <!-- com.qtpselenium.salesforce.testcases.LoginTest -->
