<?xml version="1.0" encoding="UTF-8"?>
<!-- Generated by org.testng.reporters.JUnitReportReporter -->
<testsuite hostname="ING-D-0156" name="cpa.qa.testcases.StandardSearch" tests="1" failures="0" timestamp="26 Sep 2013 08:11:40 GMT" time="371.686" errors="0">
  <testcase name="doStandardSearch" time="371.686" classname="cpa.qa.testcases.StandardSearch"/>
</testsuite> <!-- cpa.qa.testcases.StandardSearch -->
