<?xml version="1.0" encoding="UTF-8"?>
<!-- Generated by org.testng.reporters.JUnitReportReporter -->
<testsuite hostname="ING-D-0156" name="cpa.qa.testcases.PRD" tests="1" failures="0" timestamp="17 Sep 2013 06:39:02 GMT" time="409.007" errors="0">
  <testcase name="doPRD" time="409.007" classname="cpa.qa.testcases.PRD"/>
</testsuite> <!-- cpa.qa.testcases.PRD -->
